<?xml version="1.0" encoding="UTF-8"?>
<!-- Generated by org.testng.reporters.JUnitReportReporter -->
<testsuite skipped="0" hostname="LAPTOP-I5KJTG5H" name="Invciara.WebAppTest" tests="1" failures="0" timestamp="2021-06-14T11:02:11 IST" time="90.274" errors="0">
  <testcase name="Scenario1" time="90.274" classname="Invciara.WebAppTest"/>
  <system-out>
C:\Users\Moni\eclipse-workspace\Invciara/Screenshots C:\Users\Moni\eclipse-workspace\Invciara/Screenshots C:\Users\Moni\eclipse-workspace\Invciara/Screenshots C:\Users\Moni\eclipse-workspace\Invciara/Screenshots  </system-out>
</testsuite> <!-- Invciara.WebAppTest -->
