<?xml version="1.0" encoding="UTF-8"?>
<!-- Generated by org.testng.reporters.JUnitReportReporter -->
<testsuite skipped="0" hostname="LAPTOP-I5KJTG5H" name="SmallCaseTest.WebAppTest" tests="1" failures="0" timestamp="2021-06-14T10:54:39 IST" time="36.705" errors="0">
  <testcase name="Scenario1" time="36.705" classname="SmallCaseTest.WebAppTest"/>
  <system-out/>
</testsuite> <!-- SmallCaseTest.WebAppTest -->
